GET /favicon.ico 404 150 - 3.023 ms
POST /donors 200 15 - 32.790 ms
GET /favicon.ico 404 150 - 10.316 ms
GET /read4 200 583 - 53.200 ms
GET /read4 304 - - 9.221 ms
POST /hospitals 200 15 - 45.366 ms
GET /favicon.ico 404 150 - 12.788 ms
GET /read 304 - - 614.096 ms
GET /read 304 - - 116.076 ms
GET /read 304 - - 30.321 ms
GET /read 304 - - 24.592 ms
POST /read 200 15 - 715.547 ms
GET /favicon.ico 404 150 - 6.511 ms
POST /read 200 15 - 416.102 ms
GET /favicon.ico 404 150 - 7.796 ms
GET /favicon.ico 404 150 - 7.633 ms
GET /read 200 44 - 253.936 ms
GET /read 304 - - 237.086 ms
GET /read 304 - - 235.036 ms
GET /read 304 - - 236.728 ms
POST /read 200 15 - 442.017 ms
GET /read2 200 2 - 238.500 ms
GET /read2 304 - - 241.593 ms
POST /read2 200 16 - 444.547 ms
POST /read2 200 16 - 452.245 ms
GET /read2 200 205 - 236.175 ms
GET /read 200 310 - 222.309 ms
GET /read2 304 - - 222.958 ms
GET /read 304 - - 237.204 ms
GET /read 304 - - 237.746 ms
GET /read 304 - - 237.593 ms
GET /read 304 - - 237.096 ms
GET /read 304 - - 239.990 ms
GET /read 304 - - 235.271 ms
GET /read 304 - - 240.024 ms
