GET /read 304 - - 237.541 ms
GET /read 304 - - 235.170 ms
GET /read 304 - - 252.429 ms
GET /read 304 - - 261.273 ms
GET /read 304 - - 263.123 ms
GET /read 304 - - 260.665 ms
POST /read 200 15 - 360.388 ms
GET /read2 304 - - 238.495 ms
GET /read2 304 - - 242.095 ms
POST /read2 200 16 - 427.394 ms
POST /read2 200 16 - 438.402 ms
GET /read 200 554 - 224.387 ms
GET /read2 200 387 - 239.176 ms
GET /read 304 - - 222.641 ms
GET /read2 304 - - 263.190 ms
GET /read 304 - - 236.315 ms
GET /read 304 - - 238.482 ms
GET /read2 304 - - 247.551 ms
GET /read2 304 - - 246.660 ms
POST /read2 200 16 - 644.476 ms
POST /read2 200 16 - 656.931 ms
GET /read 304 - - 221.151 ms
GET /read2 200 569 - 237.862 ms
GET /read 304 - - 222.531 ms
GET /read2 304 - - 235.774 ms
GET /read 304 - - 236.212 ms
GET /read 304 - - 236.092 ms
GET /read 200 1655 - 191.046 ms
GET /read 304 - - 10.731 ms
GET /read 304 - - 4.362 ms
GET /read 304 - - 4.008 ms
GET /read 304 - - 8.789 ms
GET /read 304 - - 6.227 ms
GET /read 304 - - 7.542 ms
GET /read 304 - - 5.682 ms
GET /read2 200 818 - 18.627 ms
GET /read2 304 - - 7.530 ms
POST /read2 401 25 - 21.739 ms
POST /read2 401 25 - 13.401 ms
GET /read 304 - - 8.425 ms
GET /read 304 - - 6.255 ms
GET /favicon.ico 404 150 - 8.242 ms
GET /favicon.ico 404 150 - 9.167 ms
GET /read4 200 727 - 158.279 ms
GET /read4 304 - - 7.187 ms
GET /favicon.ico 404 150 - 4.997 ms
GET /read 200 1655 - 45.867 ms
GET /read 304 - - 5.869 ms
GET /read 304 - - 37.457 ms
GET /read 304 - - 12.121 ms
GET /read 304 - - 36.847 ms
GET /read 304 - - 9.591 ms
GET /read 200 1613 - 27.192 ms
GET /read 304 - - 6.268 ms
GET /read3 200 853 - 17.251 ms
GET /read3 304 - - 7.681 ms
GET /read5 200 1585 - 15.828 ms
GET /read5 304 - - 5.522 ms
GET /read4 200 727 - 15.318 ms
GET /read4 304 - - 6.055 ms
GET /read7 200 655 - 13.801 ms
GET /read7 304 - - 6.056 ms
GET /read6 200 451 - 14.823 ms
GET /read6 304 - - 7.253 ms
GET /read 304 - - 8.491 ms
GET /read 304 - - 7.232 ms
GET /read 200 1655 - 16.583 ms
GET /read 304 - - 6.851 ms
GET /read 304 - - 15.341 ms
GET /read 304 - - 5.923 ms
GET /read 304 - - 20.176 ms
GET /read 304 - - 4.741 ms
GET /read 304 - - 6.933 ms
GET /read 304 - - 3.885 ms
GET /read 304 - - 24.119 ms
GET /read 304 - - 4.826 ms
GET /read 200 1613 - 34.087 ms
GET /read 304 - - 5.266 ms
